<?xml version="1.0" encoding="UTF-8"?>
<!-- Generated by org.testng.reporters.JUnitReportReporter -->
<testsuite skipped="0" hostname="DESKTOP-O7J2IKG" name="runner.Runner2" tests="1" failures="0" timestamp="2021-10-15T17:14:46 IST" time="64.430" errors="0">
  <testcase name="runScenario" time="64.430" classname="runner.Runner2"/>
  <system-out/>
</testsuite> <!-- runner.Runner2 -->
