<?xml version="1.0" encoding="UTF-8"?>
<!-- Generated by org.testng.reporters.JUnitReportReporter -->
<testsuite skipped="0" hostname="DESKTOP-O7J2IKG" name="runner.externalCucumberOptions" tests="2" failures="0" timestamp="2021-09-23T21:42:18 IST" time="10.780" errors="0">
  <testcase name="test" time="4.832" classname="runner.externalCucumberOptions"/>
  <system-out/>
  <testcase name="test" time="5.948" classname="runner.externalCucumberOptions"/>
  <system-out/>
</testsuite> <!-- runner.externalCucumberOptions -->
