<?xml version="1.0" encoding="UTF-8"?>
<!-- Generated by org.testng.reporters.JUnitReportReporter -->
<testsuite hostname="LAP-GNY0334" failures="0" tests="4" name="runner.Runner" time="216.958" errors="0" timestamp="2022-09-10T12:54:59 IST" skipped="0">
  <testcase classname="runner.Runner" name="runScenario" time="62.868"/>
  <system-out/>
  <testcase classname="runner.Runner" name="runScenario" time="55.609"/>
  <system-out/>
  <testcase classname="runner.Runner" name="runScenario" time="60.586"/>
  <system-out/>
  <testcase classname="runner.Runner" name="runScenario" time="37.895"/>
  <system-out/>
</testsuite> <!-- runner.Runner -->
