<?xml version="1.0" encoding="UTF-8"?>
<!-- Generated by org.testng.reporters.JUnitReportReporter -->
<testsuite hostname="LAP-GNY0334" failures="0" tests="4" name="runner.Runner" time="210.464" errors="0" timestamp="2022-09-11T01:20:04 IST" skipped="0">
  <testcase classname="runner.Runner" name="runScenario" time="60.371"/>
  <system-out/>
  <testcase classname="runner.Runner" name="runScenario" time="38.102"/>
  <system-out/>
  <testcase classname="runner.Runner" name="runScenario" time="60.819"/>
  <system-out/>
  <testcase classname="runner.Runner" name="runScenario" time="51.172"/>
  <system-out/>
</testsuite> <!-- runner.Runner -->
